<?xml version="1.0" encoding="UTF-8"?>
<!-- Generated by org.testng.reporters.JUnitXMLReporter -->
<testsuite ignored="1" hostname="DESKTOP-3DGVOQP" failures="0" tests="1" name="Default test" time="16.165" errors="0" timestamp="2023-11-15T01:51:46 ICT">
  <testcase classname="automation.testsuite.Day17.HW.IFramePractice" name="handleFrameRegistration" time="12.638"/>
  <testcase classname="automation.testsuite.Day17.HW.IFramePractice" name="handleFrameChatBox" time="0.0">
    <ignored/>
  </testcase> <!-- handleFrameChatBox -->
</testsuite> <!-- Default test -->
