<?xml version="1.0" encoding="UTF-8"?>
<!-- Generated by org.testng.reporters.JUnitXMLReporter -->
<testsuite ignored="4" hostname="DESKTOP-3DGVOQP" failures="0" tests="1" name="Default test" time="22.618" errors="0" timestamp="2023-11-01T00:44:10 ICT">
  <testcase classname="automation.testsuite.Day13.HW.LoginTC" name="Logout" time="16.973"/>
  <testcase classname="automation.testsuite.Day13.HW.LoginTC" name="loginFail_IncorrectPass" time="0.0">
    <ignored/>
  </testcase> <!-- loginFail_IncorrectPass -->
  <testcase classname="automation.testsuite.Day13.HW.LoginTC" name="loginFail_IncorrectEmailAndPass" time="0.0">
    <ignored/>
  </testcase> <!-- loginFail_IncorrectEmailAndPass -->
  <testcase classname="automation.testsuite.Day13.HW.LoginTC" name="loginSuccessfully" time="0.0">
    <ignored/>
  </testcase> <!-- loginSuccessfully -->
  <testcase classname="automation.testsuite.Day13.HW.LoginTC" name="loginFail_IncorrectEmail" time="0.0">
    <ignored/>
  </testcase> <!-- loginFail_IncorrectEmail -->
</testsuite> <!-- Default test -->
