<?xml version="1.0" encoding="UTF-8"?>
<testng-results ignored="0" total="1" passed="1" failed="0" skipped="0">
  <reporter-output>
  </reporter-output>
  <suite started-at="2023-11-01T00:43:48 ICT" name="Default suite" finished-at="2023-11-01T00:44:10 ICT" duration-ms="22618">
    <groups>
    </groups>
    <test started-at="2023-11-01T00:43:48 ICT" name="Default test" finished-at="2023-11-01T00:44:10 ICT" duration-ms="22618">
      <class name="automation.testsuite.Day13.HW.LoginTC">
        <test-method is-config="true" signature="openChrome()[pri:0, instance:automation.testsuite.Day13.HW.LoginTC@97e93f1]" started-at="2023-11-01T00:43:48 ICT" name="openChrome" finished-at="2023-11-01T00:43:53 ICT" duration-ms="5480" status="PASS">
          <reporter-output>
          </reporter-output>
        </test-method> <!-- openChrome -->
        <test-method signature="Logout()[pri:5, instance:automation.testsuite.Day13.HW.LoginTC@97e93f1]" started-at="2023-11-01T00:43:53 ICT" name="Logout" finished-at="2023-11-01T00:44:10 ICT" duration-ms="16973" status="PASS">
          <reporter-output>
          </reporter-output>
        </test-method> <!-- Logout -->
        <test-method is-config="true" signature="closeChrome()[pri:0, instance:automation.testsuite.Day13.HW.LoginTC@97e93f1]" started-at="2023-11-01T00:44:10 ICT" name="closeChrome" finished-at="2023-11-01T00:44:10 ICT" duration-ms="116" status="PASS">
          <reporter-output>
          </reporter-output>
        </test-method> <!-- closeChrome -->
      </class> <!-- automation.testsuite.Day13.HW.LoginTC -->
    </test> <!-- Default test -->
  </suite> <!-- Default suite -->
</testng-results>
