<?xml version="1.0" encoding="UTF-8"?>
<testng-results ignored="0" total="1" passed="1" failed="0" skipped="0">
  <reporter-output>
  </reporter-output>
  <suite started-at="2023-11-09T00:39:32 ICT" name="Default suite" finished-at="2023-11-09T00:39:55 ICT" duration-ms="22271">
    <groups>
    </groups>
    <test started-at="2023-11-09T00:39:32 ICT" name="Default test" finished-at="2023-11-09T00:39:55 ICT" duration-ms="22271">
      <class name="automation.testsuite.Day15.HW.AddFlight">
        <test-method is-config="true" signature="openChrome()[pri:0, instance:automation.testsuite.Day15.HW.AddFlight@1a4927d6]" started-at="2023-11-09T00:39:32 ICT" name="openChrome" finished-at="2023-11-09T00:39:37 ICT" duration-ms="4443" status="PASS">
          <reporter-output>
          </reporter-output>
        </test-method> <!-- openChrome -->
        <test-method signature="addFlightSuccessfully()[pri:0, instance:automation.testsuite.Day15.HW.AddFlight@1a4927d6]" started-at="2023-11-09T00:39:37 ICT" name="addFlightSuccessfully" finished-at="2023-11-09T00:39:54 ICT" duration-ms="17553" status="PASS">
          <reporter-output>
          </reporter-output>
        </test-method> <!-- addFlightSuccessfully -->
        <test-method is-config="true" signature="closeChrome()[pri:0, instance:automation.testsuite.Day15.HW.AddFlight@1a4927d6]" started-at="2023-11-09T00:39:54 ICT" name="closeChrome" finished-at="2023-11-09T00:39:55 ICT" duration-ms="212" status="PASS">
          <reporter-output>
          </reporter-output>
        </test-method> <!-- closeChrome -->
      </class> <!-- automation.testsuite.Day15.HW.AddFlight -->
    </test> <!-- Default test -->
  </suite> <!-- Default suite -->
</testng-results>
